07-Jan-2015 00:20:52.420 INFO [Thread-5] org.apache.coyote.AbstractProtocol.pause Pausing ProtocolHandler ["http-nio-0.0.0.0-8080"]
07-Jan-2015 00:20:52.437 INFO [Thread-5] org.apache.coyote.AbstractProtocol.pause Pausing ProtocolHandler ["ajp-nio-8009"]
07-Jan-2015 00:20:52.438 INFO [Thread-5] org.apache.catalina.core.StandardService.stopInternal Stopping service Catalina
07-Jan-2015 00:20:54.762 INFO [Thread-5] org.apache.coyote.AbstractProtocol.stop Stopping ProtocolHandler ["http-nio-0.0.0.0-8080"]
07-Jan-2015 00:20:54.820 INFO [Thread-5] org.apache.coyote.AbstractProtocol.stop Stopping ProtocolHandler ["ajp-nio-8009"]
07-Jan-2015 00:20:54.920 INFO [Thread-5] org.apache.coyote.AbstractProtocol.destroy Destroying ProtocolHandler ["http-nio-0.0.0.0-8080"]
07-Jan-2015 00:20:54.924 INFO [Thread-5] org.apache.coyote.AbstractProtocol.destroy Destroying ProtocolHandler ["ajp-nio-8009"]
07-Jan-2015 00:46:43.005 INFO [main] org.apache.catalina.startup.VersionLoggerListener.log Server version:        Apache Tomcat/8.0.15
07-Jan-2015 00:46:43.011 INFO [main] org.apache.catalina.startup.VersionLoggerListener.log Server built:          Nov 2 2014 19:25:20 UTC
07-Jan-2015 00:46:43.011 INFO [main] org.apache.catalina.startup.VersionLoggerListener.log Server number:         8.0.15.0
07-Jan-2015 00:46:43.011 INFO [main] org.apache.catalina.startup.VersionLoggerListener.log OS Name:               Linux
07-Jan-2015 00:46:43.011 INFO [main] org.apache.catalina.startup.VersionLoggerListener.log OS Version:            3.16.7-x86_64-linode49
07-Jan-2015 00:46:43.011 INFO [main] org.apache.catalina.startup.VersionLoggerListener.log Architecture:          amd64
07-Jan-2015 00:46:43.011 INFO [main] org.apache.catalina.startup.VersionLoggerListener.log JAVA_HOME:             /usr/lib/jvm/java-8-oracle/jre
07-Jan-2015 00:46:43.011 INFO [main] org.apache.catalina.startup.VersionLoggerListener.log JVM Version:           1.8.0_25-b17
07-Jan-2015 00:46:43.011 INFO [main] org.apache.catalina.startup.VersionLoggerListener.log JVM Vendor:            Oracle Corporation
07-Jan-2015 00:46:43.012 INFO [main] org.apache.catalina.startup.VersionLoggerListener.log CATALINA_BASE:         /opt/tomcat
07-Jan-2015 00:46:43.012 INFO [main] org.apache.catalina.startup.VersionLoggerListener.log CATALINA_HOME:         /opt/tomcat
07-Jan-2015 00:46:43.012 INFO [main] org.apache.catalina.startup.VersionLoggerListener.log Command line argument: -Djava.util.logging.config.file=/opt/tomcat/conf/logging.properties
07-Jan-2015 00:46:43.012 INFO [main] org.apache.catalina.startup.VersionLoggerListener.log Command line argument: -Djava.util.logging.manager=org.apache.juli.ClassLoaderLogManager
07-Jan-2015 00:46:43.012 INFO [main] org.apache.catalina.startup.VersionLoggerListener.log Command line argument: -Djava.endorsed.dirs=/opt/tomcat/endorsed
07-Jan-2015 00:46:43.014 INFO [main] org.apache.catalina.startup.VersionLoggerListener.log Command line argument: -Dcatalina.base=/opt/tomcat
07-Jan-2015 00:46:43.014 INFO [main] org.apache.catalina.startup.VersionLoggerListener.log Command line argument: -Dcatalina.home=/opt/tomcat
07-Jan-2015 00:46:43.015 INFO [main] org.apache.catalina.startup.VersionLoggerListener.log Command line argument: -Djava.io.tmpdir=/opt/tomcat/temp
07-Jan-2015 00:46:43.015 INFO [main] org.apache.catalina.core.AprLifecycleListener.lifecycleEvent The APR based Apache Tomcat Native library which allows optimal performance in production environments was not found on the java.library.path: /usr/java/packages/lib/amd64:/usr/lib64:/lib64:/lib:/usr/lib
07-Jan-2015 00:46:43.428 INFO [main] org.apache.coyote.AbstractProtocol.init Initializing ProtocolHandler ["http-nio-0.0.0.0-8080"]
07-Jan-2015 00:46:43.477 INFO [main] org.apache.tomcat.util.net.NioSelectorPool.getSharedSelector Using a shared selector for servlet write/read
07-Jan-2015 00:46:43.487 INFO [main] org.apache.coyote.AbstractProtocol.init Initializing ProtocolHandler ["ajp-nio-8009"]
07-Jan-2015 00:46:43.490 INFO [main] org.apache.tomcat.util.net.NioSelectorPool.getSharedSelector Using a shared selector for servlet write/read
07-Jan-2015 00:46:43.496 INFO [main] org.apache.catalina.startup.Catalina.load Initialization processed in 1578 ms
07-Jan-2015 00:46:43.579 INFO [main] org.apache.catalina.core.StandardService.startInternal Starting service Catalina
07-Jan-2015 00:46:43.580 INFO [main] org.apache.catalina.core.StandardEngine.startInternal Starting Servlet Engine: Apache Tomcat/8.0.15
07-Jan-2015 00:46:43.623 INFO [localhost-startStop-1] org.apache.catalina.startup.HostConfig.deployWAR Deploying web application archive /opt/tomcat/webapps/quercus-4.0.39.war
07-Jan-2015 00:46:46.051 INFO [localhost-startStop-1] org.apache.jasper.servlet.TldScanner.scanJars At least one JAR was scanned for TLDs yet contained no TLDs. Enable debug logging for this logger for a complete list of JARs that were scanned but no TLDs were found in them. Skipping unneeded JARs during scanning can improve startup time and JSP compilation time.
07-Jan-2015 00:46:46.131 INFO [localhost-startStop-1] org.apache.catalina.startup.HostConfig.deployWAR Deployment of web application archive /opt/tomcat/webapps/quercus-4.0.39.war has finished in 2,507 ms
07-Jan-2015 00:46:46.133 INFO [localhost-startStop-1] org.apache.catalina.startup.HostConfig.deployWAR Deploying web application archive /opt/tomcat/webapps/Accreditation.war
07-Jan-2015 00:46:46.263 INFO [localhost-startStop-1] org.apache.jasper.servlet.TldScanner.scanJars At least one JAR was scanned for TLDs yet contained no TLDs. Enable debug logging for this logger for a complete list of JARs that were scanned but no TLDs were found in them. Skipping unneeded JARs during scanning can improve startup time and JSP compilation time.
07-Jan-2015 00:46:46.272 INFO [localhost-startStop-1] org.apache.catalina.startup.HostConfig.deployWAR Deployment of web application archive /opt/tomcat/webapps/Accreditation.war has finished in 138 ms
07-Jan-2015 00:46:46.274 INFO [localhost-startStop-1] org.apache.catalina.startup.HostConfig.deployDirectory Deploying web application directory /opt/tomcat/webapps/manager
07-Jan-2015 00:46:46.404 INFO [localhost-startStop-1] org.apache.jasper.servlet.TldScanner.scanJars At least one JAR was scanned for TLDs yet contained no TLDs. Enable debug logging for this logger for a complete list of JARs that were scanned but no TLDs were found in them. Skipping unneeded JARs during scanning can improve startup time and JSP compilation time.
07-Jan-2015 00:46:46.417 INFO [localhost-startStop-1] org.apache.catalina.startup.HostConfig.deployDirectory Deployment of web application directory /opt/tomcat/webapps/manager has finished in 143 ms
07-Jan-2015 00:46:46.417 INFO [localhost-startStop-1] org.apache.catalina.startup.HostConfig.deployDirectory Deploying web application directory /opt/tomcat/webapps/examples
07-Jan-2015 00:46:47.114 INFO [localhost-startStop-1] org.apache.catalina.startup.HostConfig.deployDirectory Deployment of web application directory /opt/tomcat/webapps/examples has finished in 697 ms
07-Jan-2015 00:46:47.114 INFO [localhost-startStop-1] org.apache.catalina.startup.HostConfig.deployDirectory Deploying web application directory /opt/tomcat/webapps/ROOT
07-Jan-2015 00:46:47.238 INFO [localhost-startStop-1] org.apache.jasper.servlet.TldScanner.scanJars At least one JAR was scanned for TLDs yet contained no TLDs. Enable debug logging for this logger for a complete list of JARs that were scanned but no TLDs were found in them. Skipping unneeded JARs during scanning can improve startup time and JSP compilation time.
07-Jan-2015 00:46:47.246 INFO [localhost-startStop-1] org.apache.catalina.startup.HostConfig.deployDirectory Deployment of web application directory /opt/tomcat/webapps/ROOT has finished in 132 ms
07-Jan-2015 00:46:47.247 INFO [localhost-startStop-1] org.apache.catalina.startup.HostConfig.deployDirectory Deploying web application directory /opt/tomcat/webapps/host-manager
07-Jan-2015 00:46:47.377 INFO [localhost-startStop-1] org.apache.jasper.servlet.TldScanner.scanJars At least one JAR was scanned for TLDs yet contained no TLDs. Enable debug logging for this logger for a complete list of JARs that were scanned but no TLDs were found in them. Skipping unneeded JARs during scanning can improve startup time and JSP compilation time.
07-Jan-2015 00:46:47.381 INFO [localhost-startStop-1] org.apache.catalina.startup.HostConfig.deployDirectory Deployment of web application directory /opt/tomcat/webapps/host-manager has finished in 135 ms
07-Jan-2015 00:46:47.382 INFO [localhost-startStop-1] org.apache.catalina.startup.HostConfig.deployDirectory Deploying web application directory /opt/tomcat/webapps/docs
07-Jan-2015 00:46:47.511 INFO [localhost-startStop-1] org.apache.jasper.servlet.TldScanner.scanJars At least one JAR was scanned for TLDs yet contained no TLDs. Enable debug logging for this logger for a complete list of JARs that were scanned but no TLDs were found in them. Skipping unneeded JARs during scanning can improve startup time and JSP compilation time.
07-Jan-2015 00:46:47.520 INFO [localhost-startStop-1] org.apache.catalina.startup.HostConfig.deployDirectory Deployment of web application directory /opt/tomcat/webapps/docs has finished in 138 ms
07-Jan-2015 00:46:47.530 INFO [main] org.apache.coyote.AbstractProtocol.start Starting ProtocolHandler ["http-nio-0.0.0.0-8080"]
07-Jan-2015 00:46:47.547 INFO [main] org.apache.coyote.AbstractProtocol.start Starting ProtocolHandler ["ajp-nio-8009"]
07-Jan-2015 00:46:47.553 INFO [main] org.apache.catalina.startup.Catalina.start Server startup in 4057 ms
07-Jan-2015 00:46:59.816 INFO [http-nio-0.0.0.0-8080-exec-3] org.apache.catalina.startup.HostConfig.undeploy Undeploying context [/quercus-4.0.39]
07-Jan-2015 00:51:01.873 INFO [Thread-5] org.apache.coyote.AbstractProtocol.pause Pausing ProtocolHandler ["http-nio-0.0.0.0-8080"]
07-Jan-2015 00:51:01.878 INFO [Thread-5] org.apache.coyote.AbstractProtocol.pause Pausing ProtocolHandler ["ajp-nio-8009"]
07-Jan-2015 00:51:01.881 INFO [Thread-5] org.apache.catalina.core.StandardService.stopInternal Stopping service Catalina
07-Jan-2015 00:51:02.016 INFO [Thread-5] org.apache.coyote.AbstractProtocol.stop Stopping ProtocolHandler ["http-nio-0.0.0.0-8080"]
07-Jan-2015 00:51:02.019 INFO [Thread-5] org.apache.coyote.AbstractProtocol.stop Stopping ProtocolHandler ["ajp-nio-8009"]
07-Jan-2015 00:51:02.020 INFO [Thread-5] org.apache.coyote.AbstractProtocol.destroy Destroying ProtocolHandler ["http-nio-0.0.0.0-8080"]
07-Jan-2015 00:51:02.021 INFO [Thread-5] org.apache.coyote.AbstractProtocol.destroy Destroying ProtocolHandler ["ajp-nio-8009"]
07-Jan-2015 10:06:27.750 INFO [main] org.apache.catalina.startup.VersionLoggerListener.log Server version:        Apache Tomcat/8.0.15
07-Jan-2015 10:06:27.757 INFO [main] org.apache.catalina.startup.VersionLoggerListener.log Server built:          Nov 2 2014 19:25:20 UTC
07-Jan-2015 10:06:27.757 INFO [main] org.apache.catalina.startup.VersionLoggerListener.log Server number:         8.0.15.0
07-Jan-2015 10:06:27.757 INFO [main] org.apache.catalina.startup.VersionLoggerListener.log OS Name:               Linux
07-Jan-2015 10:06:27.758 INFO [main] org.apache.catalina.startup.VersionLoggerListener.log OS Version:            3.16.7-x86_64-linode49
07-Jan-2015 10:06:27.758 INFO [main] org.apache.catalina.startup.VersionLoggerListener.log Architecture:          amd64
07-Jan-2015 10:06:27.760 INFO [main] org.apache.catalina.startup.VersionLoggerListener.log JAVA_HOME:             /usr/lib/jvm/java-8-oracle/jre
07-Jan-2015 10:06:27.760 INFO [main] org.apache.catalina.startup.VersionLoggerListener.log JVM Version:           1.8.0_25-b17
07-Jan-2015 10:06:27.760 INFO [main] org.apache.catalina.startup.VersionLoggerListener.log JVM Vendor:            Oracle Corporation
07-Jan-2015 10:06:27.760 INFO [main] org.apache.catalina.startup.VersionLoggerListener.log CATALINA_BASE:         /opt/tomcat
07-Jan-2015 10:06:27.760 INFO [main] org.apache.catalina.startup.VersionLoggerListener.log CATALINA_HOME:         /opt/tomcat
07-Jan-2015 10:06:27.761 INFO [main] org.apache.catalina.startup.VersionLoggerListener.log Command line argument: -Djava.util.logging.config.file=/opt/tomcat/conf/logging.properties
07-Jan-2015 10:06:27.762 INFO [main] org.apache.catalina.startup.VersionLoggerListener.log Command line argument: -Djava.util.logging.manager=org.apache.juli.ClassLoaderLogManager
07-Jan-2015 10:06:27.762 INFO [main] org.apache.catalina.startup.VersionLoggerListener.log Command line argument: -Djava.endorsed.dirs=/opt/tomcat/endorsed
07-Jan-2015 10:06:27.763 INFO [main] org.apache.catalina.startup.VersionLoggerListener.log Command line argument: -Dcatalina.base=/opt/tomcat
07-Jan-2015 10:06:27.770 INFO [main] org.apache.catalina.startup.VersionLoggerListener.log Command line argument: -Dcatalina.home=/opt/tomcat
07-Jan-2015 10:06:27.771 INFO [main] org.apache.catalina.startup.VersionLoggerListener.log Command line argument: -Djava.io.tmpdir=/opt/tomcat/temp
07-Jan-2015 10:06:27.771 INFO [main] org.apache.catalina.core.AprLifecycleListener.lifecycleEvent The APR based Apache Tomcat Native library which allows optimal performance in production environments was not found on the java.library.path: /usr/java/packages/lib/amd64:/usr/lib64:/lib64:/lib:/usr/lib
07-Jan-2015 10:06:28.253 INFO [main] org.apache.coyote.AbstractProtocol.init Initializing ProtocolHandler ["http-nio-0.0.0.0-8080"]
07-Jan-2015 10:06:28.304 INFO [main] org.apache.tomcat.util.net.NioSelectorPool.getSharedSelector Using a shared selector for servlet write/read
07-Jan-2015 10:06:28.315 INFO [main] org.apache.coyote.AbstractProtocol.init Initializing ProtocolHandler ["ajp-nio-8009"]
07-Jan-2015 10:06:28.320 INFO [main] org.apache.tomcat.util.net.NioSelectorPool.getSharedSelector Using a shared selector for servlet write/read
07-Jan-2015 10:06:28.325 INFO [main] org.apache.catalina.startup.Catalina.load Initialization processed in 1925 ms
07-Jan-2015 10:06:28.426 INFO [main] org.apache.catalina.core.StandardService.startInternal Starting service Catalina
07-Jan-2015 10:06:28.426 INFO [main] org.apache.catalina.core.StandardEngine.startInternal Starting Servlet Engine: Apache Tomcat/8.0.15
07-Jan-2015 10:06:28.506 INFO [localhost-startStop-1] org.apache.catalina.startup.HostConfig.deployWAR Deploying web application archive /opt/tomcat/webapps/Accreditation.war
07-Jan-2015 10:06:29.562 INFO [localhost-startStop-1] org.apache.jasper.servlet.TldScanner.scanJars At least one JAR was scanned for TLDs yet contained no TLDs. Enable debug logging for this logger for a complete list of JARs that were scanned but no TLDs were found in them. Skipping unneeded JARs during scanning can improve startup time and JSP compilation time.
07-Jan-2015 10:06:29.696 INFO [localhost-startStop-1] org.apache.catalina.startup.HostConfig.deployWAR Deployment of web application archive /opt/tomcat/webapps/Accreditation.war has finished in 1,184 ms
07-Jan-2015 10:06:29.699 INFO [localhost-startStop-1] org.apache.catalina.startup.HostConfig.deployDirectory Deploying web application directory /opt/tomcat/webapps/manager
07-Jan-2015 10:06:29.969 INFO [localhost-startStop-1] org.apache.jasper.servlet.TldScanner.scanJars At least one JAR was scanned for TLDs yet contained no TLDs. Enable debug logging for this logger for a complete list of JARs that were scanned but no TLDs were found in them. Skipping unneeded JARs during scanning can improve startup time and JSP compilation time.
07-Jan-2015 10:06:30.004 INFO [localhost-startStop-1] org.apache.catalina.startup.HostConfig.deployDirectory Deployment of web application directory /opt/tomcat/webapps/manager has finished in 305 ms
07-Jan-2015 10:06:30.006 INFO [localhost-startStop-1] org.apache.catalina.startup.HostConfig.deployDirectory Deploying web application directory /opt/tomcat/webapps/examples
07-Jan-2015 10:06:30.969 INFO [localhost-startStop-1] org.apache.catalina.startup.HostConfig.deployDirectory Deployment of web application directory /opt/tomcat/webapps/examples has finished in 963 ms
07-Jan-2015 10:06:30.973 INFO [localhost-startStop-1] org.apache.catalina.startup.HostConfig.deployDirectory Deploying web application directory /opt/tomcat/webapps/ROOT
07-Jan-2015 10:06:31.153 INFO [localhost-startStop-1] org.apache.jasper.servlet.TldScanner.scanJars At least one JAR was scanned for TLDs yet contained no TLDs. Enable debug logging for this logger for a complete list of JARs that were scanned but no TLDs were found in them. Skipping unneeded JARs during scanning can improve startup time and JSP compilation time.
07-Jan-2015 10:06:31.155 INFO [localhost-startStop-1] org.apache.catalina.startup.HostConfig.deployDirectory Deployment of web application directory /opt/tomcat/webapps/ROOT has finished in 182 ms
07-Jan-2015 10:06:31.155 INFO [localhost-startStop-1] org.apache.catalina.startup.HostConfig.deployDirectory Deploying web application directory /opt/tomcat/webapps/host-manager
07-Jan-2015 10:06:31.310 INFO [localhost-startStop-1] org.apache.jasper.servlet.TldScanner.scanJars At least one JAR was scanned for TLDs yet contained no TLDs. Enable debug logging for this logger for a complete list of JARs that were scanned but no TLDs were found in them. Skipping unneeded JARs during scanning can improve startup time and JSP compilation time.
07-Jan-2015 10:06:31.314 INFO [localhost-startStop-1] org.apache.catalina.startup.HostConfig.deployDirectory Deployment of web application directory /opt/tomcat/webapps/host-manager has finished in 159 ms
07-Jan-2015 10:06:31.315 INFO [localhost-startStop-1] org.apache.catalina.startup.HostConfig.deployDirectory Deploying web application directory /opt/tomcat/webapps/docs
07-Jan-2015 10:06:31.458 INFO [localhost-startStop-1] org.apache.jasper.servlet.TldScanner.scanJars At least one JAR was scanned for TLDs yet contained no TLDs. Enable debug logging for this logger for a complete list of JARs that were scanned but no TLDs were found in them. Skipping unneeded JARs during scanning can improve startup time and JSP compilation time.
07-Jan-2015 10:06:31.462 INFO [localhost-startStop-1] org.apache.catalina.startup.HostConfig.deployDirectory Deployment of web application directory /opt/tomcat/webapps/docs has finished in 147 ms
07-Jan-2015 10:06:31.474 INFO [main] org.apache.coyote.AbstractProtocol.start Starting ProtocolHandler ["http-nio-0.0.0.0-8080"]
07-Jan-2015 10:06:31.494 INFO [main] org.apache.coyote.AbstractProtocol.start Starting ProtocolHandler ["ajp-nio-8009"]
07-Jan-2015 10:06:31.504 INFO [main] org.apache.catalina.startup.Catalina.start Server startup in 3177 ms
